2021-10-19 00:20:10.599 INFO  com.agroup.store.StoreApplication                 :55   [32m                  [0;39m Starting StoreApplication using Java 14.0.2 on DESKTOP-J46V7U1 with PID 26352 (D:\important\code\java\store\target\classes started by TXY in D:\important\code\java\store)
2021-10-19 00:20:10.601 INFO  com.agroup.store.StoreApplication                 :659  [32m                  [0;39m No active profile set, falling back to default profiles: default
2021-10-19 00:20:10.626 INFO  o.s.b.d.env.DevToolsPropertyDefaultsPostProcessor :255  [32m                  [0;39m Devtools property defaults active! Set 'spring.devtools.add-properties' to 'false' to disable
2021-10-19 00:20:10.626 INFO  o.s.b.d.env.DevToolsPropertyDefaultsPostProcessor :255  [32m                  [0;39m For additional web related logging consider setting the 'logging.level.web' property to 'DEBUG'
2021-10-19 00:20:11.173 INFO  o.s.boot.web.embedded.tomcat.TomcatWebServer      :108  [32m                  [0;39m Tomcat initialized with port(s): 8081 (http)
2021-10-19 00:20:11.178 INFO  org.apache.coyote.http11.Http11NioProtocol        :173  [32m                  [0;39m Initializing ProtocolHandler ["http-nio-8081"]
2021-10-19 00:20:11.178 INFO  org.apache.catalina.core.StandardService          :173  [32m                  [0;39m Starting service [Tomcat]
2021-10-19 00:20:11.178 INFO  org.apache.catalina.core.StandardEngine           :173  [32m                  [0;39m Starting Servlet engine: [Apache Tomcat/9.0.53]
2021-10-19 00:20:11.227 INFO  o.a.c.core.ContainerBase.[Tomcat].[localhost].[/] :173  [32m                  [0;39m Initializing Spring embedded WebApplicationContext
2021-10-19 00:20:11.227 INFO  o.s.b.w.s.c.ServletWebServerApplicationContext    :290  [32m                  [0;39m Root WebApplicationContext: initialization completed in 595 ms
2021-10-19 00:20:11.531 INFO  o.s.b.d.autoconfigure.OptionalLiveReloadServer    :58   [32m                  [0;39m LiveReload server is running on port 35729
2021-10-19 00:20:11.540 INFO  org.apache.coyote.http11.Http11NioProtocol        :173  [32m                  [0;39m Starting ProtocolHandler ["http-nio-8081"]
2021-10-19 00:20:11.554 INFO  o.s.boot.web.embedded.tomcat.TomcatWebServer      :220  [32m                  [0;39m Tomcat started on port(s): 8081 (http) with context path ''
2021-10-19 00:20:11.561 INFO  com.agroup.store.StoreApplication                 :61   [32m                  [0;39m Started StoreApplication in 1.191 seconds (JVM running for 1.584)
2021-10-19 00:20:11.563 INFO  com.agroup.store.StoreApplication                 :18   [32m                  [0;39m 启动成功!!
2021-10-19 00:20:11.563 INFO  com.agroup.store.StoreApplication                 :19   [32m                  [0;39m 地址：	http://127.0.0.1:8081
2021-10-19 00:20:14.021 INFO  o.a.c.core.ContainerBase.[Tomcat].[localhost].[/] :173  [32m                  [0;39m Initializing Spring DispatcherServlet 'dispatcherServlet'
2021-10-19 00:20:14.022 INFO  org.springframework.web.servlet.DispatcherServlet :525  [32m                  [0;39m Initializing Servlet 'dispatcherServlet'
2021-10-19 00:20:14.022 INFO  org.springframework.web.servlet.DispatcherServlet :547  [32m                  [0;39m Completed initialization in 0 ms
2021-10-19 00:20:14.064 INFO  com.zaxxer.hikari.HikariDataSource                :110  [32m                  [0;39m HikariPool-1 - Starting...
2021-10-19 00:20:14.237 INFO  com.zaxxer.hikari.HikariDataSource                :123  [32m                  [0;39m HikariPool-1 - Start completed.
2021-10-19 00:31:14.673 INFO  com.agroup.store.StoreApplication                 :55   [32m                  [0;39m Starting StoreApplication using Java 14.0.2 on DESKTOP-J46V7U1 with PID 25272 (D:\important\code\java\store\target\classes started by TXY in D:\important\code\java\store)
2021-10-19 00:31:14.674 INFO  com.agroup.store.StoreApplication                 :659  [32m                  [0;39m No active profile set, falling back to default profiles: default
2021-10-19 00:31:14.700 INFO  o.s.b.d.env.DevToolsPropertyDefaultsPostProcessor :255  [32m                  [0;39m Devtools property defaults active! Set 'spring.devtools.add-properties' to 'false' to disable
2021-10-19 00:31:14.700 INFO  o.s.b.d.env.DevToolsPropertyDefaultsPostProcessor :255  [32m                  [0;39m For additional web related logging consider setting the 'logging.level.web' property to 'DEBUG'
2021-10-19 00:31:15.262 INFO  o.s.boot.web.embedded.tomcat.TomcatWebServer      :108  [32m                  [0;39m Tomcat initialized with port(s): 8081 (http)
2021-10-19 00:31:15.267 INFO  org.apache.coyote.http11.Http11NioProtocol        :173  [32m                  [0;39m Initializing ProtocolHandler ["http-nio-8081"]
2021-10-19 00:31:15.267 INFO  org.apache.catalina.core.StandardService          :173  [32m                  [0;39m Starting service [Tomcat]
2021-10-19 00:31:15.267 INFO  org.apache.catalina.core.StandardEngine           :173  [32m                  [0;39m Starting Servlet engine: [Apache Tomcat/9.0.53]
2021-10-19 00:31:15.319 INFO  o.a.c.core.ContainerBase.[Tomcat].[localhost].[/] :173  [32m                  [0;39m Initializing Spring embedded WebApplicationContext
2021-10-19 00:31:15.319 INFO  o.s.b.w.s.c.ServletWebServerApplicationContext    :290  [32m                  [0;39m Root WebApplicationContext: initialization completed in 618 ms
2021-10-19 00:31:15.659 INFO  o.s.b.d.autoconfigure.OptionalLiveReloadServer    :58   [32m                  [0;39m LiveReload server is running on port 35729
2021-10-19 00:31:15.670 INFO  org.apache.coyote.http11.Http11NioProtocol        :173  [32m                  [0;39m Starting ProtocolHandler ["http-nio-8081"]
2021-10-19 00:31:15.683 INFO  o.s.boot.web.embedded.tomcat.TomcatWebServer      :220  [32m                  [0;39m Tomcat started on port(s): 8081 (http) with context path ''
2021-10-19 00:31:15.691 INFO  com.agroup.store.StoreApplication                 :61   [32m                  [0;39m Started StoreApplication in 1.265 seconds (JVM running for 1.647)
2021-10-19 00:31:15.693 INFO  com.agroup.store.StoreApplication                 :18   [32m                  [0;39m 启动成功!!
2021-10-19 00:31:15.694 INFO  com.agroup.store.StoreApplication                 :19   [32m                  [0;39m 地址：	http://127.0.0.1:8081
2021-10-19 00:31:19.125 INFO  o.a.c.core.ContainerBase.[Tomcat].[localhost].[/] :173  [32m                  [0;39m Initializing Spring DispatcherServlet 'dispatcherServlet'
2021-10-19 00:31:19.126 INFO  org.springframework.web.servlet.DispatcherServlet :525  [32m                  [0;39m Initializing Servlet 'dispatcherServlet'
2021-10-19 00:31:19.126 INFO  org.springframework.web.servlet.DispatcherServlet :547  [32m                  [0;39m Completed initialization in 0 ms
2021-10-19 00:31:19.172 INFO  com.zaxxer.hikari.HikariDataSource                :110  [32m                  [0;39m HikariPool-1 - Starting...
2021-10-19 00:31:19.346 INFO  com.zaxxer.hikari.HikariDataSource                :123  [32m                  [0;39m HikariPool-1 - Start completed.
2021-10-19 00:43:27.292 INFO  com.agroup.store.StoreApplication                 :55   [32m                  [0;39m Starting StoreApplication using Java 14.0.2 on DESKTOP-J46V7U1 with PID 20204 (D:\important\code\java\store\target\classes started by TXY in D:\important\code\java\store)
2021-10-19 00:43:27.294 INFO  com.agroup.store.StoreApplication                 :659  [32m                  [0;39m No active profile set, falling back to default profiles: default
2021-10-19 00:43:27.319 INFO  o.s.b.d.env.DevToolsPropertyDefaultsPostProcessor :255  [32m                  [0;39m Devtools property defaults active! Set 'spring.devtools.add-properties' to 'false' to disable
2021-10-19 00:43:27.320 INFO  o.s.b.d.env.DevToolsPropertyDefaultsPostProcessor :255  [32m                  [0;39m For additional web related logging consider setting the 'logging.level.web' property to 'DEBUG'
2021-10-19 00:43:27.869 INFO  o.s.boot.web.embedded.tomcat.TomcatWebServer      :108  [32m                  [0;39m Tomcat initialized with port(s): 8081 (http)
2021-10-19 00:43:27.874 INFO  org.apache.coyote.http11.Http11NioProtocol        :173  [32m                  [0;39m Initializing ProtocolHandler ["http-nio-8081"]
2021-10-19 00:43:27.875 INFO  org.apache.catalina.core.StandardService          :173  [32m                  [0;39m Starting service [Tomcat]
2021-10-19 00:43:27.875 INFO  org.apache.catalina.core.StandardEngine           :173  [32m                  [0;39m Starting Servlet engine: [Apache Tomcat/9.0.53]
2021-10-19 00:43:27.925 INFO  o.a.c.core.ContainerBase.[Tomcat].[localhost].[/] :173  [32m                  [0;39m Initializing Spring embedded WebApplicationContext
2021-10-19 00:43:27.925 INFO  o.s.b.w.s.c.ServletWebServerApplicationContext    :290  [32m                  [0;39m Root WebApplicationContext: initialization completed in 605 ms
2021-10-19 00:43:28.237 INFO  o.s.b.d.autoconfigure.OptionalLiveReloadServer    :58   [32m                  [0;39m LiveReload server is running on port 35729
2021-10-19 00:43:28.247 INFO  org.apache.coyote.http11.Http11NioProtocol        :173  [32m                  [0;39m Starting ProtocolHandler ["http-nio-8081"]
2021-10-19 00:43:28.262 INFO  o.s.boot.web.embedded.tomcat.TomcatWebServer      :220  [32m                  [0;39m Tomcat started on port(s): 8081 (http) with context path ''
2021-10-19 00:43:28.270 INFO  com.agroup.store.StoreApplication                 :61   [32m                  [0;39m Started StoreApplication in 1.213 seconds (JVM running for 1.593)
2021-10-19 00:43:28.272 INFO  com.agroup.store.StoreApplication                 :18   [32m                  [0;39m 启动成功!!
2021-10-19 00:43:28.272 INFO  com.agroup.store.StoreApplication                 :19   [32m                  [0;39m 地址：	http://127.0.0.1:8081
2021-10-19 00:43:47.976 INFO  o.a.c.core.ContainerBase.[Tomcat].[localhost].[/] :173  [32m                  [0;39m Initializing Spring DispatcherServlet 'dispatcherServlet'
2021-10-19 00:43:47.977 INFO  org.springframework.web.servlet.DispatcherServlet :525  [32m                  [0;39m Initializing Servlet 'dispatcherServlet'
2021-10-19 00:43:47.978 INFO  org.springframework.web.servlet.DispatcherServlet :547  [32m                  [0;39m Completed initialization in 1 ms
2021-10-19 00:43:48.022 INFO  com.zaxxer.hikari.HikariDataSource                :110  [32m                  [0;39m HikariPool-1 - Starting...
2021-10-19 00:43:48.200 INFO  com.zaxxer.hikari.HikariDataSource                :123  [32m                  [0;39m HikariPool-1 - Start completed.
2021-10-19 10:30:53.198 INFO  com.agroup.store.StoreApplication                 :55   [32m                  [0;39m Starting StoreApplication using Java 14.0.2 on DESKTOP-J46V7U1 with PID 25392 (D:\important\code\java\store\target\classes started by TXY in D:\important\code\java\store)
2021-10-19 10:30:53.201 INFO  com.agroup.store.StoreApplication                 :659  [32m                  [0;39m No active profile set, falling back to default profiles: default
2021-10-19 10:30:53.231 INFO  o.s.b.d.env.DevToolsPropertyDefaultsPostProcessor :255  [32m                  [0;39m Devtools property defaults active! Set 'spring.devtools.add-properties' to 'false' to disable
2021-10-19 10:30:53.231 INFO  o.s.b.d.env.DevToolsPropertyDefaultsPostProcessor :255  [32m                  [0;39m For additional web related logging consider setting the 'logging.level.web' property to 'DEBUG'
2021-10-19 10:30:53.857 INFO  o.s.boot.web.embedded.tomcat.TomcatWebServer      :108  [32m                  [0;39m Tomcat initialized with port(s): 8081 (http)
2021-10-19 10:30:53.863 INFO  org.apache.coyote.http11.Http11NioProtocol        :173  [32m                  [0;39m Initializing ProtocolHandler ["http-nio-8081"]
2021-10-19 10:30:53.863 INFO  org.apache.catalina.core.StandardService          :173  [32m                  [0;39m Starting service [Tomcat]
2021-10-19 10:30:53.863 INFO  org.apache.catalina.core.StandardEngine           :173  [32m                  [0;39m Starting Servlet engine: [Apache Tomcat/9.0.53]
2021-10-19 10:30:53.917 INFO  o.a.c.core.ContainerBase.[Tomcat].[localhost].[/] :173  [32m                  [0;39m Initializing Spring embedded WebApplicationContext
2021-10-19 10:30:53.918 INFO  o.s.b.w.s.c.ServletWebServerApplicationContext    :290  [32m                  [0;39m Root WebApplicationContext: initialization completed in 687 ms
2021-10-19 10:30:54.271 INFO  o.s.b.d.autoconfigure.OptionalLiveReloadServer    :58   [32m                  [0;39m LiveReload server is running on port 35729
2021-10-19 10:30:54.281 INFO  org.apache.coyote.http11.Http11NioProtocol        :173  [32m                  [0;39m Starting ProtocolHandler ["http-nio-8081"]
2021-10-19 10:30:54.295 INFO  o.s.boot.web.embedded.tomcat.TomcatWebServer      :220  [32m                  [0;39m Tomcat started on port(s): 8081 (http) with context path ''
2021-10-19 10:30:54.302 INFO  com.agroup.store.StoreApplication                 :61   [32m                  [0;39m Started StoreApplication in 1.406 seconds (JVM running for 1.88)
2021-10-19 10:30:54.304 INFO  com.agroup.store.StoreApplication                 :18   [32m                  [0;39m 启动成功!!
2021-10-19 10:30:54.304 INFO  com.agroup.store.StoreApplication                 :19   [32m                  [0;39m 地址：	http://127.0.0.1:8081
2021-10-19 10:30:54.424 INFO  o.a.c.core.ContainerBase.[Tomcat].[localhost].[/] :173  [32m                  [0;39m Initializing Spring DispatcherServlet 'dispatcherServlet'
2021-10-19 10:30:54.424 INFO  org.springframework.web.servlet.DispatcherServlet :525  [32m                  [0;39m Initializing Servlet 'dispatcherServlet'
2021-10-19 10:30:54.425 INFO  org.springframework.web.servlet.DispatcherServlet :547  [32m                  [0;39m Completed initialization in 1 ms
2021-10-19 10:30:54.478 INFO  com.zaxxer.hikari.HikariDataSource                :110  [32m                  [0;39m HikariPool-1 - Starting...
2021-10-19 10:30:54.722 INFO  com.zaxxer.hikari.HikariDataSource                :123  [32m                  [0;39m HikariPool-1 - Start completed.
2021-10-19 12:27:12.428 WARN  com.zaxxer.hikari.pool.HikariPool                 :788  [32m                  [0;39m HikariPool-1 - Thread starvation or clock leap detected (housekeeper delta=6m46s52ms710µs300ns).
2021-10-19 16:37:58.367 INFO  com.agroup.store.StoreApplication                 :55   [32m                  [0;39m Starting StoreApplication using Java 14.0.2 on DESKTOP-J46V7U1 with PID 26636 (D:\important\code\java\store\target\classes started by TXY in D:\important\code\java\store)
2021-10-19 16:37:58.369 INFO  com.agroup.store.StoreApplication                 :659  [32m                  [0;39m No active profile set, falling back to default profiles: default
2021-10-19 16:37:58.400 INFO  o.s.b.d.env.DevToolsPropertyDefaultsPostProcessor :255  [32m                  [0;39m Devtools property defaults active! Set 'spring.devtools.add-properties' to 'false' to disable
2021-10-19 16:37:58.400 INFO  o.s.b.d.env.DevToolsPropertyDefaultsPostProcessor :255  [32m                  [0;39m For additional web related logging consider setting the 'logging.level.web' property to 'DEBUG'
2021-10-19 16:37:59.030 INFO  o.s.boot.web.embedded.tomcat.TomcatWebServer      :108  [32m                  [0;39m Tomcat initialized with port(s): 8081 (http)
2021-10-19 16:37:59.037 INFO  org.apache.coyote.http11.Http11NioProtocol        :173  [32m                  [0;39m Initializing ProtocolHandler ["http-nio-8081"]
2021-10-19 16:37:59.037 INFO  org.apache.catalina.core.StandardService          :173  [32m                  [0;39m Starting service [Tomcat]
2021-10-19 16:37:59.037 INFO  org.apache.catalina.core.StandardEngine           :173  [32m                  [0;39m Starting Servlet engine: [Apache Tomcat/9.0.53]
2021-10-19 16:37:59.097 INFO  o.a.c.core.ContainerBase.[Tomcat].[localhost].[/] :173  [32m                  [0;39m Initializing Spring embedded WebApplicationContext
2021-10-19 16:37:59.099 INFO  o.s.b.w.s.c.ServletWebServerApplicationContext    :290  [32m                  [0;39m Root WebApplicationContext: initialization completed in 699 ms
2021-10-19 16:37:59.464 INFO  o.s.b.d.autoconfigure.OptionalLiveReloadServer    :58   [32m                  [0;39m LiveReload server is running on port 35729
2021-10-19 16:37:59.473 INFO  org.apache.coyote.http11.Http11NioProtocol        :173  [32m                  [0;39m Starting ProtocolHandler ["http-nio-8081"]
2021-10-19 16:37:59.487 INFO  o.s.boot.web.embedded.tomcat.TomcatWebServer      :220  [32m                  [0;39m Tomcat started on port(s): 8081 (http) with context path ''
2021-10-19 16:37:59.495 INFO  com.agroup.store.StoreApplication                 :61   [32m                  [0;39m Started StoreApplication in 1.424 seconds (JVM running for 1.902)
2021-10-19 16:37:59.496 INFO  com.agroup.store.StoreApplication                 :18   [32m                  [0;39m 启动成功!!
2021-10-19 16:37:59.497 INFO  com.agroup.store.StoreApplication                 :19   [32m                  [0;39m 地址：	http://127.0.0.1:8081
2021-10-19 16:38:18.772 INFO  o.a.c.core.ContainerBase.[Tomcat].[localhost].[/] :173  [32m                  [0;39m Initializing Spring DispatcherServlet 'dispatcherServlet'
2021-10-19 16:38:18.773 INFO  org.springframework.web.servlet.DispatcherServlet :525  [32m                  [0;39m Initializing Servlet 'dispatcherServlet'
2021-10-19 16:38:18.774 INFO  org.springframework.web.servlet.DispatcherServlet :547  [32m                  [0;39m Completed initialization in 1 ms
2021-10-19 16:38:18.829 INFO  com.zaxxer.hikari.HikariDataSource                :110  [32m                  [0;39m HikariPool-1 - Starting...
2021-10-19 16:38:19.074 INFO  com.zaxxer.hikari.HikariDataSource                :123  [32m                  [0;39m HikariPool-1 - Start completed.
2021-10-19 20:09:50.072 WARN  com.zaxxer.hikari.pool.HikariPool                 :788  [32m                  [0;39m HikariPool-1 - Thread starvation or clock leap detected (housekeeper delta=23m28s115ms415µs300ns).
2021-10-19 22:18:28.027 INFO  com.agroup.store.StoreApplication                 :55   [32m                  [0;39m Starting StoreApplication using Java 14.0.2 on DESKTOP-J46V7U1 with PID 18728 (D:\important\code\java\store\target\classes started by TXY in D:\important\code\java\store)
2021-10-19 22:18:28.029 INFO  com.agroup.store.StoreApplication                 :659  [32m                  [0;39m No active profile set, falling back to default profiles: default
2021-10-19 22:18:28.054 INFO  o.s.b.d.env.DevToolsPropertyDefaultsPostProcessor :255  [32m                  [0;39m Devtools property defaults active! Set 'spring.devtools.add-properties' to 'false' to disable
2021-10-19 22:18:28.054 INFO  o.s.b.d.env.DevToolsPropertyDefaultsPostProcessor :255  [32m                  [0;39m For additional web related logging consider setting the 'logging.level.web' property to 'DEBUG'
2021-10-19 22:18:28.607 INFO  o.s.boot.web.embedded.tomcat.TomcatWebServer      :108  [32m                  [0;39m Tomcat initialized with port(s): 8081 (http)
2021-10-19 22:18:28.612 INFO  org.apache.coyote.http11.Http11NioProtocol        :173  [32m                  [0;39m Initializing ProtocolHandler ["http-nio-8081"]
2021-10-19 22:18:28.612 INFO  org.apache.catalina.core.StandardService          :173  [32m                  [0;39m Starting service [Tomcat]
2021-10-19 22:18:28.612 INFO  org.apache.catalina.core.StandardEngine           :173  [32m                  [0;39m Starting Servlet engine: [Apache Tomcat/9.0.53]
2021-10-19 22:18:28.665 INFO  o.a.c.core.ContainerBase.[Tomcat].[localhost].[/] :173  [32m                  [0;39m Initializing Spring embedded WebApplicationContext
2021-10-19 22:18:28.665 INFO  o.s.b.w.s.c.ServletWebServerApplicationContext    :290  [32m                  [0;39m Root WebApplicationContext: initialization completed in 610 ms
2021-10-19 22:18:28.969 INFO  o.s.b.d.autoconfigure.OptionalLiveReloadServer    :58   [32m                  [0;39m LiveReload server is running on port 35729
2021-10-19 22:18:28.978 INFO  org.apache.coyote.http11.Http11NioProtocol        :173  [32m                  [0;39m Starting ProtocolHandler ["http-nio-8081"]
2021-10-19 22:18:28.992 INFO  o.s.boot.web.embedded.tomcat.TomcatWebServer      :220  [32m                  [0;39m Tomcat started on port(s): 8081 (http) with context path ''
2021-10-19 22:18:28.999 INFO  com.agroup.store.StoreApplication                 :61   [32m                  [0;39m Started StoreApplication in 1.212 seconds (JVM running for 1.647)
2021-10-19 22:18:29.001 INFO  com.agroup.store.StoreApplication                 :18   [32m                  [0;39m 启动成功!!
2021-10-19 22:18:29.001 INFO  com.agroup.store.StoreApplication                 :19   [32m                  [0;39m 地址：	http://127.0.0.1:8081
2021-10-19 22:19:46.674 INFO  o.a.c.core.ContainerBase.[Tomcat].[localhost].[/] :173  [32m                  [0;39m Initializing Spring DispatcherServlet 'dispatcherServlet'
2021-10-19 22:19:46.675 INFO  org.springframework.web.servlet.DispatcherServlet :525  [32m                  [0;39m Initializing Servlet 'dispatcherServlet'
2021-10-19 22:19:46.676 INFO  org.springframework.web.servlet.DispatcherServlet :547  [32m                  [0;39m Completed initialization in 1 ms
2021-10-19 22:19:46.725 INFO  com.zaxxer.hikari.HikariDataSource                :110  [32m                  [0;39m HikariPool-1 - Starting...
2021-10-19 22:19:46.934 INFO  com.zaxxer.hikari.HikariDataSource                :123  [32m                  [0;39m HikariPool-1 - Start completed.
